\BOOKMARK [0][-]{chapter.1}{1 Introduction}{}% 1
\BOOKMARK [1][-]{section.1.1}{1.1 Background}{chapter.1}% 2
\BOOKMARK [2][-]{subsection.1.1.1}{1.1.1 Aalto-1}{section.1.1}% 3
\BOOKMARK [2][-]{subsection.1.1.2}{1.1.2 ESTCube-1}{section.1.1}% 4
\BOOKMARK [1][-]{section.1.2}{1.2 Problem statement}{chapter.1}% 5
\BOOKMARK [1][-]{section.1.3}{1.3 Research objectives and scope}{chapter.1}% 6
\BOOKMARK [1][-]{section.1.4}{1.4 Motivations}{chapter.1}% 7
\BOOKMARK [1][-]{section.1.5}{1.5 Outline of the thesis}{chapter.1}% 8
\BOOKMARK [0][-]{chapter.2}{2 Orbits}{}% 9
\BOOKMARK [1][-]{section.2.1}{2.1 Kepler's Laws}{chapter.2}% 10
\BOOKMARK [1][-]{section.2.2}{2.2 Classical Orbital Elements}{chapter.2}% 11
\BOOKMARK [1][-]{section.2.3}{2.3 Ground Tracks}{chapter.2}% 12
\BOOKMARK [1][-]{section.2.4}{2.4 Two Line Elements}{chapter.2}% 13
\BOOKMARK [0][-]{chapter.3}{3 Telecommunications}{}% 14
\BOOKMARK [1][-]{section.3.1}{3.1 Data}{chapter.3}% 15
\BOOKMARK [2][-]{subsection.3.1.1}{3.1.1 Beacon}{section.3.1}% 16
\BOOKMARK [2][-]{subsection.3.1.2}{3.1.2 Telemetry}{section.3.1}% 17
\BOOKMARK [2][-]{subsection.3.1.3}{3.1.3 Telecomands}{section.3.1}% 18
\BOOKMARK [1][-]{section.3.2}{3.2 Ground Station}{chapter.3}% 19
\BOOKMARK [2][-]{subsection.3.2.1}{3.2.1 Hardware}{section.3.2}% 20
\BOOKMARK [2][-]{subsection.3.2.2}{3.2.2 Software}{section.3.2}% 21
\BOOKMARK [2][-]{subsection.3.2.3}{3.2.3 Protocols}{section.3.2}% 22
\BOOKMARK [0][-]{section*.3}{Bibliography}{}% 23
